{"E:\\Job_tests\\Mindbox-todo\\src\\App.tsx": {"path":"E:\\Job_tests\\Mindbox-todo\\src\\App.tsx","all":false,"statementMap":{"0":{"start":{"line":1,"column":0},"end":{"line":1,"column":44}},"1":{"start":{"line":2,"column":0},"end":{"line":2,"column":60}},"2":{"start":{"line":3,"column":0},"end":{"line":3,"column":19}},"3":{"start":{"line":4,"column":0},"end":{"line":4,"column":42}},"4":{"start":{"line":5,"column":0},"end":{"line":5,"column":64}},"7":{"start":{"line":8,"column":0},"end":{"line":8,"column":16}},"8":{"start":{"line":9,"column":0},"end":{"line":9,"column":60}},"9":{"start":{"line":10,"column":0},"end":{"line":10,"column":36}},"10":{"start":{"line":11,"column":0},"end":{"line":11,"column":56}},"11":{"start":{"line":12,"column":0},"end":{"line":12,"column":50}},"12":{"start":{"line":13,"column":0},"end":{"line":13,"column":53}},"14":{"start":{"line":15,"column":0},"end":{"line":15,"column":10}},"15":{"start":{"line":16,"column":0},"end":{"line":16,"column":26}},"16":{"start":{"line":17,"column":0},"end":{"line":17,"column":20}},"17":{"start":{"line":18,"column":0},"end":{"line":18,"column":12}},"18":{"start":{"line":19,"column":0},"end":{"line":19,"column":32}},"19":{"start":{"line":20,"column":0},"end":{"line":20,"column":29}},"20":{"start":{"line":21,"column":0},"end":{"line":21,"column":19}},"21":{"start":{"line":22,"column":0},"end":{"line":22,"column":51}},"22":{"start":{"line":23,"column":0},"end":{"line":23,"column":8}},"23":{"start":{"line":24,"column":0},"end":{"line":24,"column":59}},"24":{"start":{"line":25,"column":0},"end":{"line":25,"column":57}},"25":{"start":{"line":26,"column":0},"end":{"line":26,"column":56}},"26":{"start":{"line":27,"column":0},"end":{"line":27,"column":11}},"27":{"start":{"line":28,"column":0},"end":{"line":28,"column":12}},"28":{"start":{"line":29,"column":0},"end":{"line":29,"column":37}},"29":{"start":{"line":30,"column":0},"end":{"line":30,"column":69}},"30":{"start":{"line":31,"column":0},"end":{"line":31,"column":38}},"31":{"start":{"line":32,"column":0},"end":{"line":32,"column":72}},"33":{"start":{"line":34,"column":0},"end":{"line":34,"column":19}},"34":{"start":{"line":35,"column":0},"end":{"line":35,"column":75}},"36":{"start":{"line":37,"column":0},"end":{"line":37,"column":19}},"37":{"start":{"line":38,"column":0},"end":{"line":38,"column":78}},"39":{"start":{"line":40,"column":0},"end":{"line":40,"column":19}},"40":{"start":{"line":41,"column":0},"end":{"line":41,"column":14}},"41":{"start":{"line":42,"column":0},"end":{"line":42,"column":15}},"42":{"start":{"line":43,"column":0},"end":{"line":43,"column":41}},"43":{"start":{"line":44,"column":0},"end":{"line":44,"column":52}},"44":{"start":{"line":45,"column":0},"end":{"line":45,"column":32}},"45":{"start":{"line":46,"column":0},"end":{"line":46,"column":9}},"47":{"start":{"line":48,"column":0},"end":{"line":48,"column":17}},"48":{"start":{"line":49,"column":0},"end":{"line":49,"column":12}},"49":{"start":{"line":50,"column":0},"end":{"line":50,"column":10}},"52":{"start":{"line":53,"column":0},"end":{"line":53,"column":66}},"53":{"start":{"line":54,"column":0},"end":{"line":54,"column":23}},"54":{"start":{"line":55,"column":0},"end":{"line":55,"column":28}},"55":{"start":{"line":56,"column":0},"end":{"line":56,"column":18}},"56":{"start":{"line":57,"column":0},"end":{"line":57,"column":17}},"57":{"start":{"line":58,"column":0},"end":{"line":58,"column":19}},"58":{"start":{"line":59,"column":0},"end":{"line":59,"column":33}},"59":{"start":{"line":60,"column":0},"end":{"line":60,"column":40}},"60":{"start":{"line":61,"column":0},"end":{"line":61,"column":31}},"61":{"start":{"line":62,"column":0},"end":{"line":62,"column":12}},"62":{"start":{"line":63,"column":0},"end":{"line":63,"column":10}},"63":{"start":{"line":64,"column":0},"end":{"line":64,"column":7}},"64":{"start":{"line":65,"column":0},"end":{"line":65,"column":33}},"65":{"start":{"line":66,"column":0},"end":{"line":66,"column":5}},"66":{"start":{"line":67,"column":0},"end":{"line":67,"column":3}},"68":{"start":{"line":69,"column":0},"end":{"line":69,"column":48}},"69":{"start":{"line":70,"column":0},"end":{"line":70,"column":25}},"70":{"start":{"line":71,"column":0},"end":{"line":71,"column":69}},"71":{"start":{"line":72,"column":0},"end":{"line":72,"column":3}},"73":{"start":{"line":74,"column":0},"end":{"line":74,"column":49}},"74":{"start":{"line":75,"column":0},"end":{"line":75,"column":40}},"75":{"start":{"line":76,"column":0},"end":{"line":76,"column":23}},"76":{"start":{"line":77,"column":0},"end":{"line":77,"column":64}},"77":{"start":{"line":78,"column":0},"end":{"line":78,"column":5}},"78":{"start":{"line":79,"column":0},"end":{"line":79,"column":61}},"79":{"start":{"line":80,"column":0},"end":{"line":80,"column":3}},"80":{"start":{"line":81,"column":0},"end":{"line":81,"column":1}},"81":{"start":{"line":82,"column":0},"end":{"line":82,"column":19}}},"s":{"0":1,"1":1,"2":1,"3":1,"4":1,"7":41,"8":41,"9":41,"10":41,"11":41,"12":41,"14":41,"15":41,"16":41,"17":41,"18":41,"19":41,"20":41,"21":41,"22":41,"23":41,"24":41,"25":78,"26":41,"27":41,"28":41,"29":41,"30":41,"31":41,"33":41,"34":41,"36":41,"37":41,"39":41,"40":41,"41":41,"42":41,"43":41,"44":41,"45":41,"47":41,"48":41,"49":41,"52":41,"53":5,"54":5,"55":1,"56":1,"57":1,"58":1,"59":1,"60":1,"61":1,"62":1,"63":1,"64":1,"65":1,"66":5,"68":41,"69":30,"70":30,"71":30,"73":41,"74":41,"75":41,"76":9,"77":9,"78":2,"79":41,"80":41,"81":1},"branchMap":{"0":{"type":"branch","line":8,"loc":{"start":{"line":8,"column":0},"end":{"line":81,"column":1}},"locations":[{"start":{"line":8,"column":0},"end":{"line":81,"column":1}}]},"1":{"type":"branch","line":25,"loc":{"start":{"line":25,"column":21},"end":{"line":25,"column":37}},"locations":[{"start":{"line":25,"column":21},"end":{"line":25,"column":37}}]},"2":{"type":"branch","line":25,"loc":{"start":{"line":25,"column":29},"end":{"line":25,"column":39}},"locations":[{"start":{"line":25,"column":29},"end":{"line":25,"column":39}}]},"3":{"type":"branch","line":30,"loc":{"start":{"line":30,"column":9},"end":{"line":30,"column":64}},"locations":[{"start":{"line":30,"column":9},"end":{"line":30,"column":64}}]},"4":{"type":"branch","line":30,"loc":{"start":{"line":30,"column":57},"end":{"line":30,"column":69}},"locations":[{"start":{"line":30,"column":57},"end":{"line":30,"column":69}}]},"5":{"type":"branch","line":9,"loc":{"start":{"line":9,"column":36},"end":{"line":9,"column":58}},"locations":[{"start":{"line":9,"column":36},"end":{"line":9,"column":58}}]},"6":{"type":"branch","line":13,"loc":{"start":{"line":13,"column":12},"end":{"line":13,"column":39}},"locations":[{"start":{"line":13,"column":12},"end":{"line":13,"column":39}}]},"7":{"type":"branch","line":25,"loc":{"start":{"line":25,"column":46},"end":{"line":26,"column":56}},"locations":[{"start":{"line":25,"column":46},"end":{"line":26,"column":56}}]},"8":{"type":"branch","line":32,"loc":{"start":{"line":32,"column":52},"end":{"line":32,"column":72}},"locations":[{"start":{"line":32,"column":52},"end":{"line":32,"column":72}}]},"9":{"type":"branch","line":35,"loc":{"start":{"line":35,"column":55},"end":{"line":35,"column":75}},"locations":[{"start":{"line":35,"column":55},"end":{"line":35,"column":75}}]},"10":{"type":"branch","line":38,"loc":{"start":{"line":38,"column":58},"end":{"line":38,"column":78}},"locations":[{"start":{"line":38,"column":58},"end":{"line":38,"column":78}}]},"11":{"type":"branch","line":44,"loc":{"start":{"line":44,"column":19},"end":{"line":44,"column":52}},"locations":[{"start":{"line":44,"column":19},"end":{"line":44,"column":52}}]},"12":{"type":"branch","line":53,"loc":{"start":{"line":53,"column":2},"end":{"line":67,"column":3}},"locations":[{"start":{"line":53,"column":2},"end":{"line":67,"column":3}}]},"13":{"type":"branch","line":55,"loc":{"start":{"line":55,"column":27},"end":{"line":66,"column":5}},"locations":[{"start":{"line":55,"column":27},"end":{"line":66,"column":5}}]},"14":{"type":"branch","line":69,"loc":{"start":{"line":69,"column":2},"end":{"line":72,"column":3}},"locations":[{"start":{"line":69,"column":2},"end":{"line":72,"column":3}}]},"15":{"type":"branch","line":70,"loc":{"start":{"line":70,"column":16},"end":{"line":70,"column":25}},"locations":[{"start":{"line":70,"column":16},"end":{"line":70,"column":25}}]},"16":{"type":"branch","line":71,"loc":{"start":{"line":71,"column":24},"end":{"line":71,"column":60}},"locations":[{"start":{"line":71,"column":24},"end":{"line":71,"column":60}}]},"17":{"type":"branch","line":74,"loc":{"start":{"line":74,"column":2},"end":{"line":80,"column":3}},"locations":[{"start":{"line":74,"column":2},"end":{"line":80,"column":3}}]},"18":{"type":"branch","line":75,"loc":{"start":{"line":75,"column":27},"end":{"line":75,"column":40}},"locations":[{"start":{"line":75,"column":27},"end":{"line":75,"column":40}}]},"19":{"type":"branch","line":75,"loc":{"start":{"line":75,"column":34},"end":{"line":76,"column":22}},"locations":[{"start":{"line":75,"column":34},"end":{"line":76,"column":22}}]},"20":{"type":"branch","line":76,"loc":{"start":{"line":76,"column":22},"end":{"line":78,"column":5}},"locations":[{"start":{"line":76,"column":22},"end":{"line":78,"column":5}}]},"21":{"type":"branch","line":78,"loc":{"start":{"line":78,"column":4},"end":{"line":79,"column":61}},"locations":[{"start":{"line":78,"column":4},"end":{"line":79,"column":61}}]},"22":{"type":"branch","line":77,"loc":{"start":{"line":77,"column":26},"end":{"line":77,"column":62}},"locations":[{"start":{"line":77,"column":26},"end":{"line":77,"column":62}}]},"23":{"type":"branch","line":79,"loc":{"start":{"line":79,"column":24},"end":{"line":79,"column":59}},"locations":[{"start":{"line":79,"column":24},"end":{"line":79,"column":59}}]}},"b":{"0":[41],"1":[30],"2":[11],"3":[30],"4":[11],"5":[58],"6":[17],"7":[78],"8":[2],"9":[3],"10":[2],"11":[2],"12":[5],"13":[1],"14":[30],"15":[0],"16":[96],"17":[41],"18":[30],"19":[11],"20":[9],"21":[2],"22":[25],"23":[7]},"fnMap":{"0":{"name":"App","decl":{"start":{"line":8,"column":0},"end":{"line":81,"column":1}},"loc":{"start":{"line":8,"column":0},"end":{"line":81,"column":1}},"line":8},"1":{"name":"onClick","decl":{"start":{"line":32,"column":52},"end":{"line":32,"column":72}},"loc":{"start":{"line":32,"column":52},"end":{"line":32,"column":72}},"line":32},"2":{"name":"onClick","decl":{"start":{"line":35,"column":55},"end":{"line":35,"column":75}},"loc":{"start":{"line":35,"column":55},"end":{"line":35,"column":75}},"line":35},"3":{"name":"onClick","decl":{"start":{"line":38,"column":58},"end":{"line":38,"column":78}},"loc":{"start":{"line":38,"column":58},"end":{"line":38,"column":78}},"line":38},"4":{"name":"onClick","decl":{"start":{"line":44,"column":19},"end":{"line":44,"column":52}},"loc":{"start":{"line":44,"column":19},"end":{"line":44,"column":52}},"line":44},"5":{"name":"inputSubmit","decl":{"start":{"line":53,"column":2},"end":{"line":67,"column":3}},"loc":{"start":{"line":53,"column":2},"end":{"line":67,"column":3}},"line":53},"6":{"name":"countTasks","decl":{"start":{"line":69,"column":2},"end":{"line":72,"column":3}},"loc":{"start":{"line":69,"column":2},"end":{"line":72,"column":3}},"line":69},"7":{"name":"filterTasks","decl":{"start":{"line":74,"column":2},"end":{"line":80,"column":3}},"loc":{"start":{"line":74,"column":2},"end":{"line":80,"column":3}},"line":74}},"f":{"0":41,"1":2,"2":3,"3":2,"4":2,"5":5,"6":30,"7":41}}
,"E:\\Job_tests\\Mindbox-todo\\src\\components\\task\\Task.tsx": {"path":"E:\\Job_tests\\Mindbox-todo\\src\\components\\task\\Task.tsx","all":false,"statementMap":{"1":{"start":{"line":2,"column":0},"end":{"line":2,"column":43}},"2":{"start":{"line":3,"column":0},"end":{"line":3,"column":20}},"3":{"start":{"line":4,"column":0},"end":{"line":4,"column":52}},"4":{"start":{"line":5,"column":0},"end":{"line":5,"column":55}},"10":{"start":{"line":11,"column":0},"end":{"line":11,"column":47}},"11":{"start":{"line":12,"column":0},"end":{"line":12,"column":36}},"13":{"start":{"line":14,"column":0},"end":{"line":14,"column":10}},"14":{"start":{"line":15,"column":0},"end":{"line":15,"column":45}},"15":{"start":{"line":16,"column":0},"end":{"line":16,"column":10}},"16":{"start":{"line":17,"column":0},"end":{"line":17,"column":35}},"17":{"start":{"line":18,"column":0},"end":{"line":18,"column":30}},"18":{"start":{"line":19,"column":0},"end":{"line":19,"column":33}},"20":{"start":{"line":21,"column":0},"end":{"line":21,"column":52}},"21":{"start":{"line":22,"column":0},"end":{"line":22,"column":29}},"22":{"start":{"line":23,"column":0},"end":{"line":23,"column":14}},"23":{"start":{"line":24,"column":0},"end":{"line":24,"column":35}},"24":{"start":{"line":25,"column":0},"end":{"line":25,"column":43}},"25":{"start":{"line":26,"column":0},"end":{"line":26,"column":23}},"26":{"start":{"line":27,"column":0},"end":{"line":27,"column":18}},"27":{"start":{"line":28,"column":0},"end":{"line":28,"column":12}},"28":{"start":{"line":29,"column":0},"end":{"line":29,"column":17}},"29":{"start":{"line":30,"column":0},"end":{"line":30,"column":12}},"30":{"start":{"line":31,"column":0},"end":{"line":31,"column":24}},"31":{"start":{"line":32,"column":0},"end":{"line":32,"column":10}},"34":{"start":{"line":35,"column":0},"end":{"line":35,"column":27}},"35":{"start":{"line":36,"column":0},"end":{"line":36,"column":35}},"36":{"start":{"line":37,"column":0},"end":{"line":37,"column":3}},"37":{"start":{"line":38,"column":0},"end":{"line":38,"column":1}}},"s":{"1":1,"2":1,"3":1,"4":1,"10":71,"11":71,"13":71,"14":71,"15":71,"16":71,"17":71,"18":71,"20":71,"21":71,"22":15,"23":15,"24":15,"25":15,"26":15,"27":15,"28":56,"29":71,"30":71,"31":71,"34":71,"35":3,"36":3,"37":71},"branchMap":{"0":{"type":"branch","line":11,"loc":{"start":{"line":11,"column":0},"end":{"line":38,"column":1}},"locations":[{"start":{"line":11,"column":0},"end":{"line":38,"column":1}}]},"1":{"type":"branch","line":22,"loc":{"start":{"line":22,"column":14},"end":{"line":28,"column":12}},"locations":[{"start":{"line":22,"column":14},"end":{"line":28,"column":12}}]},"2":{"type":"branch","line":28,"loc":{"start":{"line":28,"column":10},"end":{"line":29,"column":17}},"locations":[{"start":{"line":28,"column":10},"end":{"line":29,"column":17}}]},"3":{"type":"branch","line":35,"loc":{"start":{"line":35,"column":2},"end":{"line":37,"column":3}},"locations":[{"start":{"line":35,"column":2},"end":{"line":37,"column":3}}]}},"b":{"0":[71],"1":[15],"2":[56],"3":[3]},"fnMap":{"0":{"name":"Task","decl":{"start":{"line":11,"column":0},"end":{"line":38,"column":1}},"loc":{"start":{"line":11,"column":0},"end":{"line":38,"column":1}},"line":11},"1":{"name":"changeStatus","decl":{"start":{"line":35,"column":2},"end":{"line":37,"column":3}},"loc":{"start":{"line":35,"column":2},"end":{"line":37,"column":3}},"line":35}},"f":{"0":71,"1":3}}
,"E:\\Job_tests\\Mindbox-todo\\src\\models\\hooks.ts": {"path":"E:\\Job_tests\\Mindbox-todo\\src\\models\\hooks.ts","all":false,"statementMap":{"0":{"start":{"line":1,"column":0},"end":{"line":1,"column":77}},"3":{"start":{"line":4,"column":0},"end":{"line":4,"column":63}},"5":{"start":{"line":6,"column":0},"end":{"line":6,"column":75}}},"s":{"0":1,"3":1,"5":1},"branchMap":{"0":{"type":"branch","line":4,"loc":{"start":{"line":4,"column":30},"end":{"line":4,"column":63}},"locations":[{"start":{"line":4,"column":30},"end":{"line":4,"column":63}}]}},"b":{"0":[112]},"fnMap":{"0":{"name":"useAppDispatch","decl":{"start":{"line":4,"column":30},"end":{"line":4,"column":63}},"loc":{"start":{"line":4,"column":30},"end":{"line":4,"column":63}},"line":4}},"f":{"0":112}}
,"E:\\Job_tests\\Mindbox-todo\\src\\redux\\MainSlice.tsx": {"path":"E:\\Job_tests\\Mindbox-todo\\src\\redux\\MainSlice.tsx","all":false,"statementMap":{"0":{"start":{"line":1,"column":0},"end":{"line":1,"column":47}},"7":{"start":{"line":8,"column":0},"end":{"line":8,"column":29}},"8":{"start":{"line":9,"column":0},"end":{"line":9,"column":46}},"9":{"start":{"line":10,"column":0},"end":{"line":10,"column":47}},"10":{"start":{"line":11,"column":0},"end":{"line":11,"column":45}},"11":{"start":{"line":12,"column":0},"end":{"line":12,"column":2}},"13":{"start":{"line":14,"column":0},"end":{"line":14,"column":40}},"14":{"start":{"line":15,"column":0},"end":{"line":15,"column":18}},"15":{"start":{"line":16,"column":0},"end":{"line":16,"column":2}},"17":{"start":{"line":18,"column":0},"end":{"line":18,"column":31}},"18":{"start":{"line":19,"column":0},"end":{"line":19,"column":15}},"19":{"start":{"line":20,"column":0},"end":{"line":20,"column":15}},"20":{"start":{"line":21,"column":0},"end":{"line":21,"column":13}},"21":{"start":{"line":22,"column":0},"end":{"line":22,"column":28}},"22":{"start":{"line":23,"column":0},"end":{"line":23,"column":53}},"23":{"start":{"line":24,"column":0},"end":{"line":24,"column":6}},"24":{"start":{"line":25,"column":0},"end":{"line":25,"column":35}},"25":{"start":{"line":26,"column":0},"end":{"line":26,"column":40}},"26":{"start":{"line":27,"column":0},"end":{"line":27,"column":80}},"27":{"start":{"line":28,"column":0},"end":{"line":28,"column":65}},"28":{"start":{"line":29,"column":0},"end":{"line":29,"column":29}},"29":{"start":{"line":30,"column":0},"end":{"line":30,"column":6}},"30":{"start":{"line":31,"column":0},"end":{"line":31,"column":27}},"31":{"start":{"line":32,"column":0},"end":{"line":32,"column":77}},"32":{"start":{"line":33,"column":0},"end":{"line":33,"column":6}},"33":{"start":{"line":34,"column":0},"end":{"line":34,"column":4}},"34":{"start":{"line":35,"column":0},"end":{"line":35,"column":3}},"36":{"start":{"line":37,"column":0},"end":{"line":37,"column":77}},"38":{"start":{"line":39,"column":0},"end":{"line":39,"column":33}}},"s":{"0":1,"7":1,"8":1,"9":1,"10":1,"11":1,"13":1,"14":1,"15":1,"17":1,"18":1,"19":1,"20":1,"21":1,"22":1,"23":1,"24":1,"25":3,"26":3,"27":3,"28":3,"29":3,"30":1,"31":2,"32":2,"33":1,"34":1,"36":1,"38":1},"branchMap":{"0":{"type":"branch","line":22,"loc":{"start":{"line":22,"column":4},"end":{"line":24,"column":6}},"locations":[{"start":{"line":22,"column":4},"end":{"line":24,"column":6}}]},"1":{"type":"branch","line":25,"loc":{"start":{"line":25,"column":4},"end":{"line":30,"column":6}},"locations":[{"start":{"line":25,"column":4},"end":{"line":30,"column":6}}]},"2":{"type":"branch","line":27,"loc":{"start":{"line":27,"column":39},"end":{"line":27,"column":78}},"locations":[{"start":{"line":27,"column":39},"end":{"line":27,"column":78}}]},"3":{"type":"branch","line":31,"loc":{"start":{"line":31,"column":4},"end":{"line":33,"column":6}},"locations":[{"start":{"line":31,"column":4},"end":{"line":33,"column":6}}]},"4":{"type":"branch","line":32,"loc":{"start":{"line":32,"column":39},"end":{"line":32,"column":75}},"locations":[{"start":{"line":32,"column":39},"end":{"line":32,"column":75}}]}},"b":{"0":[1],"1":[3],"2":[6],"3":[2],"4":[7]},"fnMap":{"0":{"name":"addTask","decl":{"start":{"line":22,"column":4},"end":{"line":24,"column":6}},"loc":{"start":{"line":22,"column":4},"end":{"line":24,"column":6}},"line":22},"1":{"name":"changeComplete","decl":{"start":{"line":25,"column":4},"end":{"line":30,"column":6}},"loc":{"start":{"line":25,"column":4},"end":{"line":30,"column":6}},"line":25},"2":{"name":"clearCompleted","decl":{"start":{"line":31,"column":4},"end":{"line":33,"column":6}},"loc":{"start":{"line":31,"column":4},"end":{"line":33,"column":6}},"line":31}},"f":{"0":1,"1":3,"2":2}}
,"E:\\Job_tests\\Mindbox-todo\\src\\redux\\index.tsx": {"path":"E:\\Job_tests\\Mindbox-todo\\src\\redux\\index.tsx","all":false,"statementMap":{"0":{"start":{"line":1,"column":0},"end":{"line":1,"column":50}},"1":{"start":{"line":2,"column":0},"end":{"line":2,"column":36}},"3":{"start":{"line":4,"column":0},"end":{"line":4,"column":30}},"4":{"start":{"line":5,"column":0},"end":{"line":5,"column":21}},"5":{"start":{"line":6,"column":0},"end":{"line":6,"column":3}},"7":{"start":{"line":8,"column":0},"end":{"line":8,"column":21}}},"s":{"0":1,"1":1,"3":1,"4":1,"5":1,"7":1},"branchMap":{},"b":{},"fnMap":{},"f":{}}
}
